[2025-12-10 15:12:37] --- VS code 管理员权限检查 ---
[2025-12-10 15:12:37] 当前已具备管理员权限。
[2025-12-10 15:12:37] [Step 1] 打开Focus_Pack软件
[2025-12-10 15:12:37] 正在尝试启动软件: D:\MCPTools\Focus_Pack.exe
[2025-12-10 15:12:37] 尝试以管理员身份运行指定程序：D:\MCPTools\Focus_Pack.exe 
[2025-12-10 15:12:38] [SUCCESS] 程序'D:\MCPTools\Focus_Pack.exe'成功以管理员权限运行。
[2025-12-10 15:12:48] Focus_Pack软件已启动，请确保处于首页，否则后续可能执行失败。
[2025-12-10 15:12:48] [Step 2] 点击'快速扫描'按钮
[2025-12-10 15:12:48] 正在定位元素: '快速扫描按钮' (相对位置: 0.10, 0.13)，时间限制为15秒...
[2025-12-10 15:12:48] 找到 '快速扫描按钮'，绝对坐标: (914, 364)
[2025-12-10 15:12:48] 窗口信息: 位置(823, 254), 大小 914x860
[2025-12-10 15:12:49] 成功点击 '快速扫描按钮' 在坐标: (914, 364)
[2025-12-10 15:12:49] 点击快速扫描按钮成功。
[2025-12-10 15:12:59] [Step 3] 检测是否正在扫描
[2025-12-10 15:12:59] 截图已保存到: D:\MCPSecTrace\src\mcpsectrace\mcp_servers\artifacts\focus_pack\scan_check_20251210.png
[2025-12-10 15:13:06] 正在执行快速扫描。截图已保存到: D:\MCPSecTrace\src\mcpsectrace\mcp_servers\artifacts\focus_pack\scan_check_20251210.png
[2025-12-10 15:13:16] [Step 4] 检测是否扫描完成（时长600s，可调节）
[2025-12-10 15:13:16] 开始监控扫描进度，每30秒检测一次...
[2025-12-10 15:13:16] 截图已保存到: D:\MCPSecTrace\src\mcpsectrace\mcp_servers\artifacts\focus_pack\scan_progress.png
[2025-12-10 15:13:20] [0s] 继续等待扫描完成...
[2025-12-10 15:13:46] 截图已保存到: D:\MCPSecTrace\src\mcpsectrace\mcp_servers\artifacts\focus_pack\scan_progress.png
[2025-12-10 15:13:56] 日志文件已关闭。
[2025-12-10 17:13:36] --- VS code 管理员权限检查 ---
[2025-12-10 17:13:36] 当前已具备管理员权限。
[2025-12-10 17:13:36] [Step 1] 打开Focus_Pack软件
[2025-12-10 17:13:36] 正在尝试启动软件: D:\MCPTools\Focus_Pack.exe
[2025-12-10 17:13:36] 尝试以管理员身份运行指定程序：D:\MCPTools\Focus_Pack.exe 
[2025-12-10 17:13:36] [SUCCESS] 程序'D:\MCPTools\Focus_Pack.exe'成功以管理员权限运行。
[2025-12-10 17:13:46] Focus_Pack软件已启动，请确保处于首页，否则后续可能执行失败。
[2025-12-10 17:13:46] [Step 2] 点击'快速扫描'按钮
[2025-12-10 17:13:46] 正在定位元素: '快速扫描按钮' (相对位置: 0.10, 0.13)，时间限制为15秒...
[2025-12-10 17:13:46] 找到 '快速扫描按钮'，绝对坐标: (914, 364)
[2025-12-10 17:13:46] 窗口信息: 位置(823, 254), 大小 914x860
[2025-12-10 17:13:47] 成功点击 '快速扫描按钮' 在坐标: (914, 364)
[2025-12-10 17:13:47] 点击快速扫描按钮成功。
[2025-12-10 17:13:57] [Step 3] 检测是否正在扫描
[2025-12-10 17:13:57] 截图已保存到: D:\MCPSecTrace\src\mcpsectrace\mcp_servers\artifacts\focus_pack\scan_check_20251210.png
[2025-12-10 17:14:04] 正在执行快速扫描。截图已保存到: D:\MCPSecTrace\src\mcpsectrace\mcp_servers\artifacts\focus_pack\scan_check_20251210.png
[2025-12-10 17:14:14] [Step 4] 检测是否扫描完成（时长3600s，可调节）
[2025-12-10 17:14:14] 开始监控扫描进度，每30秒检测一次...
[2025-12-10 17:14:14] 截图已保存到: D:\MCPSecTrace\src\mcpsectrace\mcp_servers\artifacts\focus_pack\scan_bottom_left.png
[2025-12-10 17:14:21] [0s] 检测到'当前模式'，正在扫描中，继续等待...
[2025-12-10 17:14:45] 截图已保存到: D:\MCPSecTrace\src\mcpsectrace\mcp_servers\artifacts\focus_pack\scan_bottom_left.png
[2025-12-10 17:14:51] [30s] 检测到'当前模式'，正在扫描中，继续等待...
[2025-12-10 17:15:16] 截图已保存到: D:\MCPSecTrace\src\mcpsectrace\mcp_servers\artifacts\focus_pack\scan_bottom_left.png
[2025-12-10 17:15:22] [61s] 检测到'当前模式'，正在扫描中，继续等待...
[2025-12-10 17:15:46] 截图已保存到: D:\MCPSecTrace\src\mcpsectrace\mcp_servers\artifacts\focus_pack\scan_bottom_left.png
[2025-12-10 17:15:47] 左下角未检测到状态信息，检查左上角...
[2025-12-10 17:15:47] 截图已保存到: D:\MCPSecTrace\src\mcpsectrace\mcp_servers\artifacts\focus_pack\scan_top_left.png
[2025-12-10 17:15:51] [SUCCESS] 检测到'提示'弹窗，点击(0.8, 0.8)确认...
[2025-12-10 17:15:51] 正在定位元素: '提示确认按钮' (相对位置: 0.80, 0.80)，时间限制为5秒...
[2025-12-10 17:15:51] 找到 '提示确认按钮'，绝对坐标: (1386, 793)
[2025-12-10 17:15:51] 窗口信息: 位置(1110, 598), 大小 346x244
[2025-12-10 17:15:52] 成功点击 '提示确认按钮' 在坐标: (1386, 793)
[2025-12-10 17:15:52] [SUCCESS] 扫描已完成并确认。耗时: 92秒
[2025-12-10 17:15:52] [Step 5] 获取扫描结果日志
[2025-12-10 17:15:52] 扫描结果日志目录: C:\Users\User\AppData\Roaming\FocusLogs
[2025-12-10 17:15:52] 检测到新日志文件: C:\Users\User\AppData\Roaming\FocusLogs\Scan_2025-12-10_17-13-47.log
[2025-12-10 17:15:52] [SUCCESS] 扫描新结果日志文件: C:\Users\User\AppData\Roaming\FocusLogs\Scan_2025-12-10_17-13-47.log
已复制到: D:\MCPSecTrace\logs\focus_pack\focus_pack_scan_20251210_171552.log，请用户自主查看。
[2025-12-10 17:15:52] 日志文件已关闭。
[2025-12-10 17:26:42] --- VS code 管理员权限检查 ---
[2025-12-10 17:26:42] 当前已具备管理员权限。
[2025-12-10 17:26:42] [Step 1] 打开Focus_Pack软件
[2025-12-10 17:26:42] 检查进程 Focus_Pack.exe 是否已运行...
[2025-12-10 17:26:42] 进程未运行,正在启动软件: D:\MCPTools\Focus_Pack.exe
[2025-12-10 17:26:42] 尝试以管理员身份运行指定程序：D:\MCPTools\Focus_Pack.exe 
[2025-12-10 17:26:42] [SUCCESS] 程序'D:\MCPTools\Focus_Pack.exe'成功以管理员权限运行。
[2025-12-10 17:26:52] Focus_Pack软件已启动，请确保处于首页，否则后续可能执行失败。
[2025-12-10 17:26:52] [Step 2] 点击'快速扫描'按钮
[2025-12-10 17:26:52] 正在定位元素: '快速扫描按钮' (相对位置: 0.10, 0.13)，时间限制为15秒...
[2025-12-10 17:26:52] 找到 '快速扫描按钮'，绝对坐标: (914, 364)
[2025-12-10 17:26:52] 窗口信息: 位置(823, 254), 大小 914x860
[2025-12-10 17:26:53] 成功点击 '快速扫描按钮' 在坐标: (914, 364)
[2025-12-10 17:26:53] 点击快速扫描按钮成功。
[2025-12-10 17:26:56] 日志文件已关闭。
[2025-12-10 17:27:05] --- VS code 管理员权限检查 ---
[2025-12-10 17:27:05] 当前已具备管理员权限。
[2025-12-10 17:27:05] [Step 1] 打开Focus_Pack软件
[2025-12-10 17:27:05] 检查进程 Focus_Pack.exe 是否已运行...
[2025-12-10 17:27:05] 检测到进程 Focus_Pack.exe 正在运行
[2025-12-10 17:27:05] [INFO] 检测到 Focus_Pack.exe 已在运行,尝试将窗口置顶...
[2025-12-10 17:27:05] [WARN] 未找到包含 'Focus_Pack' 的窗口
[2025-12-10 17:27:05] [WARN] 进程正在运行但未找到窗口,可能程序未完全启动
[2025-12-10 17:27:11] [WARN] 未找到包含 'Focus_Pack' 的窗口
[2025-12-10 17:27:11] 日志文件已关闭。
[2025-12-10 17:27:22] --- VS code 管理员权限检查 ---
[2025-12-10 17:27:22] 当前已具备管理员权限。
[2025-12-10 17:27:22] [Step 1] 打开Focus_Pack软件
[2025-12-10 17:27:22] 检查进程 Focus_Pack.exe 是否已运行...
[2025-12-10 17:27:22] 检测到进程 Focus_Pack.exe 正在运行
[2025-12-10 17:27:22] [INFO] 检测到 Focus_Pack.exe 已在运行,尝试将窗口置顶...
[2025-12-10 17:27:22] [WARN] 未找到包含 'Focus_Pack' 的窗口
[2025-12-10 17:27:22] [WARN] 进程正在运行但未找到窗口,可能程序未完全启动
[2025-12-10 17:27:28] [WARN] 未找到包含 'Focus_Pack' 的窗口
[2025-12-10 17:27:28] 日志文件已关闭。
[2025-12-10 17:39:44] --- VS code 管理员权限检查 ---
[2025-12-10 17:39:44] 当前已具备管理员权限。
[2025-12-10 17:39:44] [Step 1] 打开Focus_Pack软件
[2025-12-10 17:39:44] 检查进程 Focus_Pack.exe 是否已运行...
[2025-12-10 17:39:44] 检测到进程 Focus_Pack.exe 正在运行
[2025-12-10 17:39:44] [INFO] 检测到 Focus_Pack.exe 已在运行,尝试将窗口置顶...
[2025-12-10 17:39:44] [SUCCESS] 窗口 '奇安信-顽固病毒查杀工具' 已置顶
[2025-12-10 17:39:44] [SUCCESS] 窗口已置顶,无需重复启动
[2025-12-10 17:39:54] Focus_Pack软件已启动，请确保处于首页，否则后续可能执行失败。
[2025-12-10 17:39:54] [Step 2] 点击'快速扫描'按钮
[2025-12-10 17:39:54] 正在定位元素: '快速扫描按钮' (相对位置: 0.10, 0.13)，时间限制为15秒...
[2025-12-10 17:39:54] 找到 '快速扫描按钮'，绝对坐标: (626, 298)
[2025-12-10 17:39:54] 窗口信息: 位置(535, 188), 大小 914x860
[2025-12-10 17:39:55] 成功点击 '快速扫描按钮' 在坐标: (626, 298)
[2025-12-10 17:39:55] 点击快速扫描按钮成功。
[2025-12-10 17:40:05] [Step 3] 检测是否正在扫描
[2025-12-10 17:40:05] 截图已保存到: D:\MCPSecTrace\src\mcpsectrace\mcp_servers\artifacts\focus_pack\scan_check_20251210.png
[2025-12-10 17:40:08] 日志文件已关闭。
[2025-12-10 17:43:31] --- VS code 管理员权限检查 ---
[2025-12-10 17:43:31] 当前已具备管理员权限。
[2025-12-10 17:43:31] [Step 1] 打开Focus_Pack软件
[2025-12-10 17:43:31] 检查进程 Focus_Pack.exe 是否已运行...
[2025-12-10 17:43:31] 进程未运行,正在启动软件: D:\MCPTools\Focus_Pack.exe
[2025-12-10 17:43:31] 尝试以管理员身份运行指定程序：D:\MCPTools\Focus_Pack.exe 
[2025-12-10 17:43:31] [SUCCESS] 程序'D:\MCPTools\Focus_Pack.exe'成功以管理员权限运行。
[2025-12-10 17:43:41] Focus_Pack软件已启动，请确保处于首页，否则后续可能执行失败。
[2025-12-10 17:43:41] [Step 2] 点击'快速扫描'按钮
[2025-12-10 17:43:41] 正在定位元素: '快速扫描按钮' (相对位置: 0.10, 0.13)，时间限制为15秒...
[2025-12-10 17:43:41] 找到 '快速扫描按钮'，绝对坐标: (914, 364)
[2025-12-10 17:43:41] 窗口信息: 位置(823, 254), 大小 914x860
[2025-12-10 17:43:42] 成功点击 '快速扫描按钮' 在坐标: (914, 364)
[2025-12-10 17:43:42] 点击快速扫描按钮成功。
[2025-12-10 17:43:52] [Step 3] 检测是否正在扫描
[2025-12-10 17:43:52] 截图已保存到: D:\MCPSecTrace\src\mcpsectrace\mcp_servers\artifacts\focus_pack\scan_check_20251210.png
[2025-12-10 17:43:54] 日志文件已关闭。
[2025-12-10 17:47:16] --- VS code 管理员权限检查 ---
[2025-12-10 17:47:16] 当前已具备管理员权限。
[2025-12-10 17:47:16] [Step 1] 打开Focus_Pack软件
[2025-12-10 17:47:16] 检查进程 Focus_Pack.exe 是否已运行...
[2025-12-10 17:47:16] 进程未运行,正在启动软件: D:\MCPTools\Focus_Pack.exe
[2025-12-10 17:47:16] 尝试以管理员身份运行指定程序：D:\MCPTools\Focus_Pack.exe 
[2025-12-10 17:47:16] [SUCCESS] 程序'D:\MCPTools\Focus_Pack.exe'成功以管理员权限运行。
[2025-12-10 17:47:26] Focus_Pack软件已启动，请确保处于首页，否则后续可能执行失败。
[2025-12-10 17:47:26] [Step 2] 点击'快速扫描'按钮
[2025-12-10 17:47:26] 正在定位元素: '快速扫描按钮' (相对位置: 0.10, 0.13)，时间限制为15秒...
[2025-12-10 17:47:26] 找到 '快速扫描按钮'，绝对坐标: (914, 364)
[2025-12-10 17:47:26] 窗口信息: 位置(823, 254), 大小 914x860
[2025-12-10 17:47:27] 成功点击 '快速扫描按钮' 在坐标: (914, 364)
[2025-12-10 17:47:27] 点击快速扫描按钮成功。
[2025-12-10 17:47:37] [Step 3] 检测是否正在扫描
[2025-12-10 17:47:37] 截图已保存到: D:\MCPSecTrace\src\mcpsectrace\mcp_servers\artifacts\focus_pack\scan_check_20251210.png
[2025-12-10 17:47:44] 正在执行快速扫描。截图已保存到: D:\MCPSecTrace\src\mcpsectrace\mcp_servers\artifacts\focus_pack\scan_check_20251210.png
[2025-12-10 17:47:54] [Step 4] 检测是否扫描完成（时长3600s，可调节）
[2025-12-10 17:47:54] 开始监控扫描进度，每30秒检测一次...
[2025-12-10 17:47:54] 截图已保存到: D:\MCPSecTrace\src\mcpsectrace\mcp_servers\artifacts\focus_pack\scan_bottom_left.png
[2025-12-10 17:48:01] [0s] 检测到'当前模式'，正在扫描中，继续等待...
[2025-12-10 17:48:24] 截图已保存到: D:\MCPSecTrace\src\mcpsectrace\mcp_servers\artifacts\focus_pack\scan_bottom_left.png
[2025-12-10 17:48:27] [SUCCESS] 检测到'扫描完成'字符，快速扫描已完成。耗时: 30秒
[2025-12-10 17:48:27] [Step 5] 获取扫描结果日志
[2025-12-10 17:48:27] 扫描结果日志目录: C:\Users\User\AppData\Roaming\FocusLogs
[2025-12-10 17:48:27] 检测到新日志文件: C:\Users\User\AppData\Roaming\FocusLogs\Scan_2025-12-10_17-47-27.log
[2025-12-10 17:48:27] [SUCCESS] 扫描新结果日志文件: C:\Users\User\AppData\Roaming\FocusLogs\Scan_2025-12-10_17-47-27.log
已复制到: D:\MCPSecTrace\logs\focus_pack\focus_pack_scan_20251210_174827.log，请用户自主查看。
[2025-12-10 17:48:27] 日志文件已关闭。
[2025-12-10 17:51:22] --- VS code 管理员权限检查 ---
[2025-12-10 17:51:22] 当前已具备管理员权限。
[2025-12-10 17:51:22] [Step 1] 打开Focus_Pack软件
[2025-12-10 17:51:22] 检查进程 Focus_Pack.exe 是否已运行...
[2025-12-10 17:51:22] 进程未运行,正在启动软件: D:\MCPTools\Focus_Pack.exe
[2025-12-10 17:51:22] 尝试以管理员身份运行指定程序：D:\MCPTools\Focus_Pack.exe 
[2025-12-10 17:51:22] [SUCCESS] 程序'D:\MCPTools\Focus_Pack.exe'成功以管理员权限运行。
[2025-12-10 17:51:32] Focus_Pack软件已启动，请确保处于首页，否则后续可能执行失败。
[2025-12-10 17:51:32] [Step 2] 点击'快速扫描'按钮
[2025-12-10 17:51:32] 正在定位元素: '快速扫描按钮' (相对位置: 0.10, 0.13)，时间限制为15秒...
[2025-12-10 17:51:32] 找到 '快速扫描按钮'，绝对坐标: (914, 364)
[2025-12-10 17:51:32] 窗口信息: 位置(823, 254), 大小 914x860
[2025-12-10 17:51:33] 成功点击 '快速扫描按钮' 在坐标: (914, 364)
[2025-12-10 17:51:33] 点击快速扫描按钮成功。
[2025-12-10 17:51:43] [Step 3] 检测是否正在扫描
[2025-12-10 17:51:44] 截图已保存到: D:\MCPSecTrace\src\mcpsectrace\mcp_servers\artifacts\focus_pack\scan_check_20251210.png
[2025-12-10 17:51:49] 正在执行快速扫描。截图已保存到: D:\MCPSecTrace\src\mcpsectrace\mcp_servers\artifacts\focus_pack\scan_check_20251210.png
[2025-12-10 17:51:59] [Step 4] 检测是否扫描完成（时长3600s，可调节）
[2025-12-10 17:51:59] 开始监控扫描进度，每30秒检测一次...
[2025-12-10 17:51:59] 截图已保存到: D:\MCPSecTrace\src\mcpsectrace\mcp_servers\artifacts\focus_pack\scan_bottom_left.png
[2025-12-10 17:52:06] [0s] 检测到'当前模式'，正在扫描中，继续等待...
[2025-12-10 17:52:30] 截图已保存到: D:\MCPSecTrace\src\mcpsectrace\mcp_servers\artifacts\focus_pack\scan_bottom_left.png
[2025-12-10 17:52:34] [SUCCESS] 检测到'扫描完成'字符，快速扫描已完成。耗时: 30秒
[2025-12-10 17:52:34] [Step 5] 获取扫描结果日志
[2025-12-10 17:52:34] 扫描结果日志目录: C:\Users\User\AppData\Roaming\FocusLogs
[2025-12-10 17:52:34] 检测到新日志文件: C:\Users\User\AppData\Roaming\FocusLogs\Scan_2025-12-10_17-51-33.log
[2025-12-10 17:52:34] [SUCCESS] 扫描新结果日志文件: C:\Users\User\AppData\Roaming\FocusLogs\Scan_2025-12-10_17-51-33.log
已复制到: D:\MCPSecTrace\logs\focus_pack\focus_pack_scan_20251210_175234.log，请用户自主查看。
[2025-12-10 17:52:34] 日志文件已关闭。
[2025-12-10 19:43:23] --- VS code 管理员权限检查 ---
[2025-12-10 19:43:23] 当前已具备管理员权限。
[2025-12-10 19:43:23] [Step 1] 打开Focus_Pack软件
[2025-12-10 19:43:23] 检查进程 Focus_Pack.exe 是否已运行...
[2025-12-10 19:43:23] 进程未运行,正在启动软件: D:\MCPTools\Focus_Pack.exe
[2025-12-10 19:43:23] 尝试以管理员身份运行指定程序：D:\MCPTools\Focus_Pack.exe 
[2025-12-10 19:43:23] [SUCCESS] 程序'D:\MCPTools\Focus_Pack.exe'成功以管理员权限运行。
[2025-12-10 19:43:33] Focus_Pack软件已启动，请确保处于首页，否则后续可能执行失败。
[2025-12-10 19:43:33] [Step 2] 点击'快速扫描'按钮
[2025-12-10 19:43:33] 正在定位元素: '快速扫描按钮' (相对位置: 0.10, 0.13)，时间限制为15秒...
[2025-12-10 19:43:33] 找到 '快速扫描按钮'，绝对坐标: (914, 364)
[2025-12-10 19:43:33] 窗口信息: 位置(823, 254), 大小 914x860
[2025-12-10 19:43:34] 成功点击 '快速扫描按钮' 在坐标: (914, 364)
[2025-12-10 19:43:34] 点击快速扫描按钮成功。
[2025-12-10 19:43:44] [Step 3] 检测是否正在扫描
[2025-12-10 19:43:44] 截图已保存到: D:\MCPSecTrace\src\mcpsectrace\mcp_servers\artifacts\focus_pack\scan_check_20251210.png
[2025-12-10 19:43:58] 未成功执行快速扫描。截图已保存到: D:\MCPSecTrace\src\mcpsectrace\mcp_servers\artifacts\focus_pack\scan_check_20251210.png
[2025-12-10 19:43:58] 日志文件已关闭。
[2025-12-10 19:44:10] --- VS code 管理员权限检查 ---
[2025-12-10 19:44:10] 当前已具备管理员权限。
[2025-12-10 19:44:10] [Step 1] 打开Focus_Pack软件
[2025-12-10 19:44:10] 检查进程 Focus_Pack.exe 是否已运行...
[2025-12-10 19:44:10] 进程未运行,正在启动软件: D:\MCPTools\Focus_Pack.exe
[2025-12-10 19:44:10] 尝试以管理员身份运行指定程序：D:\MCPTools\Focus_Pack.exe 
[2025-12-10 19:44:10] [SUCCESS] 程序'D:\MCPTools\Focus_Pack.exe'成功以管理员权限运行。
[2025-12-10 19:44:20] Focus_Pack软件已启动，请确保处于首页，否则后续可能执行失败。
[2025-12-10 19:44:20] [Step 2] 点击'快速扫描'按钮
[2025-12-10 19:44:20] 正在定位元素: '快速扫描按钮' (相对位置: 0.10, 0.13)，时间限制为15秒...
[2025-12-10 19:44:20] 找到 '快速扫描按钮'，绝对坐标: (914, 364)
[2025-12-10 19:44:20] 窗口信息: 位置(823, 254), 大小 914x860
[2025-12-10 19:44:21] 成功点击 '快速扫描按钮' 在坐标: (914, 364)
[2025-12-10 19:44:21] 点击快速扫描按钮成功。
[2025-12-10 19:44:31] [Step 3] 检测是否正在扫描
[2025-12-10 19:44:31] 截图已保存到: D:\MCPSecTrace\src\mcpsectrace\mcp_servers\artifacts\focus_pack\scan_check_20251210.png
[2025-12-10 19:44:37] 正在执行快速扫描。截图已保存到: D:\MCPSecTrace\src\mcpsectrace\mcp_servers\artifacts\focus_pack\scan_check_20251210.png
[2025-12-10 19:44:47] [Step 4] 检测是否扫描完成（时长3600s，可调节）
[2025-12-10 19:44:47] 开始监控扫描进度，每30秒检测一次...
[2025-12-10 19:44:47] 截图已保存到: D:\MCPSecTrace\src\mcpsectrace\mcp_servers\artifacts\focus_pack\scan_bottom_left.png
[2025-12-10 19:45:10] 左下角未检测到状态信息，检查左上角...
[2025-12-10 19:45:10] 截图已保存到: D:\MCPSecTrace\src\mcpsectrace\mcp_servers\artifacts\focus_pack\scan_top_left.png
[2025-12-10 19:45:29] 日志文件已关闭。
[2025-12-10 19:52:19] --- VS code 管理员权限检查 ---
[2025-12-10 19:52:19] 当前已具备管理员权限。
[2025-12-10 19:52:19] [Step 1] 打开Focus_Pack软件
[2025-12-10 19:52:19] 检查进程 Focus_Pack.exe 是否已运行...
[2025-12-10 19:52:19] 进程未运行,正在启动软件: D:\MCPTools\Focus_Pack.exe
[2025-12-10 19:52:19] 尝试以管理员身份运行指定程序：D:\MCPTools\Focus_Pack.exe 
[2025-12-10 19:52:19] [SUCCESS] 程序'D:\MCPTools\Focus_Pack.exe'成功以管理员权限运行。
[2025-12-10 19:52:29] Focus_Pack软件已启动，请确保处于首页，否则后续可能执行失败。
[2025-12-10 19:52:29] [Step 2] 点击'快速扫描'按钮
[2025-12-10 19:52:29] 正在定位元素: '快速扫描按钮' (相对位置: 0.10, 0.13)，时间限制为15秒...
[2025-12-10 19:52:29] 找到 '快速扫描按钮'，绝对坐标: (914, 364)
[2025-12-10 19:52:29] 窗口信息: 位置(823, 254), 大小 914x860
[2025-12-10 19:52:30] 成功点击 '快速扫描按钮' 在坐标: (914, 364)
[2025-12-10 19:52:30] 点击快速扫描按钮成功。
[2025-12-10 19:52:40] [Step 3] 检测是否正在扫描
[2025-12-10 19:52:40] 截图已保存到: D:\MCPSecTrace\src\mcpsectrace\mcp_servers\artifacts\focus_pack\scan_check_20251210.png
[2025-12-10 19:52:46] 正在执行快速扫描。截图已保存到: D:\MCPSecTrace\src\mcpsectrace\mcp_servers\artifacts\focus_pack\scan_check_20251210.png
[2025-12-10 19:52:56] [Step 4] 检测是否扫描完成（时长3600s，可调节）
[2025-12-10 19:52:56] 开始监控扫描进度，每30秒检测一次...
[2025-12-10 19:52:56] 截图已保存到: D:\MCPSecTrace\src\mcpsectrace\mcp_servers\artifacts\focus_pack\scan_bottom_left.png
[2025-12-10 19:53:22] 左下角未检测到状态信息，检查左上角...
[2025-12-10 19:53:22] 截图已保存到: D:\MCPSecTrace\src\mcpsectrace\mcp_servers\artifacts\focus_pack\scan_top_left.png
[2025-12-10 19:53:32] 日志文件已关闭。
[2025-12-10 19:54:11] --- VS code 管理员权限检查 ---
[2025-12-10 19:54:11] 当前已具备管理员权限。
[2025-12-10 19:54:11] [Step 1] 打开Focus_Pack软件
[2025-12-10 19:54:11] 检查进程 Focus_Pack.exe 是否已运行...
[2025-12-10 19:54:11] 检测到进程 Focus_Pack.exe 正在运行
[2025-12-10 19:54:11] [INFO] 检测到 Focus_Pack.exe 已在运行,尝试将窗口置顶...
[2025-12-10 19:54:11] [SUCCESS] 窗口 '奇安信-顽固病毒查杀工具' 已置顶
[2025-12-10 19:54:11] [SUCCESS] 窗口已置顶,无需重复启动
[2025-12-10 19:54:21] Focus_Pack软件已启动，请确保处于首页，否则后续可能执行失败。
[2025-12-10 19:54:21] [Step 2] 点击'快速扫描'按钮
[2025-12-10 19:54:21] 正在定位元素: '快速扫描按钮' (相对位置: 0.10, 0.13)，时间限制为15秒...
[2025-12-10 19:54:21] 找到 '快速扫描按钮'，绝对坐标: (914, 364)
[2025-12-10 19:54:21] 窗口信息: 位置(823, 254), 大小 914x860
[2025-12-10 19:54:22] 成功点击 '快速扫描按钮' 在坐标: (914, 364)
[2025-12-10 19:54:22] 点击快速扫描按钮成功。
[2025-12-10 19:54:32] [Step 3] 检测是否正在扫描
[2025-12-10 19:54:32] 截图已保存到: D:\MCPSecTrace\src\mcpsectrace\mcp_servers\artifacts\focus_pack\scan_check_20251210.png
[2025-12-10 19:54:38] 正在执行快速扫描。截图已保存到: D:\MCPSecTrace\src\mcpsectrace\mcp_servers\artifacts\focus_pack\scan_check_20251210.png
[2025-12-10 19:54:48] [Step 4] 检测是否扫描完成（时长3600s，可调节）
[2025-12-10 19:54:48] 开始监控扫描进度，每15秒检测一次...
[2025-12-10 19:54:48] 截图已保存到: D:\MCPSecTrace\src\mcpsectrace\mcp_servers\artifacts\focus_pack\scan_bottom_left.png
[2025-12-10 19:55:15] 左下角未检测到状态信息，检查左上角...
[2025-12-10 19:55:15] 截图已保存到: D:\MCPSecTrace\src\mcpsectrace\mcp_servers\artifacts\focus_pack\scan_top_left.png
[2025-12-10 19:55:35] [0s] 未识别到明确状态，继续等待...
[2025-12-10 19:55:36] 截图已保存到: D:\MCPSecTrace\src\mcpsectrace\mcp_servers\artifacts\focus_pack\scan_bottom_left.png
[2025-12-10 19:55:47] 日志文件已关闭。
[2025-12-10 19:56:59] --- VS code 管理员权限检查 ---
[2025-12-10 19:56:59] 当前已具备管理员权限。
[2025-12-10 19:56:59] [Step 1] 打开Focus_Pack软件
[2025-12-10 19:56:59] 检查进程 Focus_Pack.exe 是否已运行...
[2025-12-10 19:56:59] 检测到进程 Focus_Pack.exe 正在运行
[2025-12-10 19:56:59] [INFO] 检测到 Focus_Pack.exe 已在运行,尝试将窗口置顶...
[2025-12-10 19:56:59] [SUCCESS] 窗口 '奇安信-顽固病毒查杀工具' 已置顶
[2025-12-10 19:56:59] [SUCCESS] 窗口已置顶,无需重复启动
[2025-12-10 19:57:09] Focus_Pack软件已启动，请确保处于首页，否则后续可能执行失败。
[2025-12-10 19:57:09] [Step 2] 点击'快速扫描'按钮
[2025-12-10 19:57:09] 正在定位元素: '快速扫描按钮' (相对位置: 0.10, 0.13)，时间限制为15秒...
[2025-12-10 19:57:09] 找到 '快速扫描按钮'，绝对坐标: (914, 364)
[2025-12-10 19:57:09] 窗口信息: 位置(823, 254), 大小 914x860
[2025-12-10 19:57:10] 成功点击 '快速扫描按钮' 在坐标: (914, 364)
[2025-12-10 19:57:10] 点击快速扫描按钮成功。
[2025-12-10 19:57:20] [Step 3] 检测是否正在扫描
[2025-12-10 19:57:20] 截图已保存到: D:\MCPSecTrace\src\mcpsectrace\mcp_servers\artifacts\focus_pack\scan_check_20251210.png
[2025-12-10 19:57:26] 正在执行快速扫描。截图已保存到: D:\MCPSecTrace\src\mcpsectrace\mcp_servers\artifacts\focus_pack\scan_check_20251210.png
[2025-12-10 19:57:36] [Step 4] 检测是否扫描完成（时长3600s，可调节）
[2025-12-10 19:57:36] 开始监控扫描进度，每15秒检测一次...
[2025-12-10 19:57:36] 截图已保存到: D:\MCPSecTrace\src\mcpsectrace\mcp_servers\artifacts\focus_pack\scan_bottom_left.png
[2025-12-10 19:57:59] 左下角未检测到状态信息，检查左上角...
[2025-12-10 19:57:59] 截图已保存到: D:\MCPSecTrace\src\mcpsectrace\mcp_servers\artifacts\focus_pack\scan_top_left.png
[2025-12-10 19:58:19] [0s] 未识别到明确状态，继续等待...
[2025-12-10 19:58:20] 截图已保存到: D:\MCPSecTrace\src\mcpsectrace\mcp_servers\artifacts\focus_pack\scan_bottom_left.png
[2025-12-10 19:58:30] 日志文件已关闭。
[2025-12-10 19:59:18] --- VS code 管理员权限检查 ---
[2025-12-10 19:59:18] 当前已具备管理员权限。
[2025-12-10 19:59:18] [Step 1] 打开Focus_Pack软件
[2025-12-10 19:59:18] 检查进程 Focus_Pack.exe 是否已运行...
[2025-12-10 19:59:18] 检测到进程 Focus_Pack.exe 正在运行
[2025-12-10 19:59:18] [INFO] 检测到 Focus_Pack.exe 已在运行,尝试将窗口置顶...
[2025-12-10 19:59:18] [SUCCESS] 窗口 '奇安信-顽固病毒查杀工具' 已置顶
[2025-12-10 19:59:18] [SUCCESS] 窗口已置顶,无需重复启动
[2025-12-10 19:59:28] Focus_Pack软件已启动，请确保处于首页，否则后续可能执行失败。
[2025-12-10 19:59:28] [Step 2] 点击'快速扫描'按钮
[2025-12-10 19:59:28] 正在定位元素: '快速扫描按钮' (相对位置: 0.10, 0.13)，时间限制为15秒...
[2025-12-10 19:59:28] 找到 '快速扫描按钮'，绝对坐标: (914, 364)
[2025-12-10 19:59:28] 窗口信息: 位置(823, 254), 大小 914x860
[2025-12-10 19:59:29] 成功点击 '快速扫描按钮' 在坐标: (914, 364)
[2025-12-10 19:59:29] 点击快速扫描按钮成功。
[2025-12-10 19:59:39] [Step 3] 检测是否正在扫描
[2025-12-10 19:59:39] 截图已保存到: D:\MCPSecTrace\src\mcpsectrace\mcp_servers\artifacts\focus_pack\scan_check_20251210.png
[2025-12-10 19:59:45] 正在执行快速扫描。截图已保存到: D:\MCPSecTrace\src\mcpsectrace\mcp_servers\artifacts\focus_pack\scan_check_20251210.png
[2025-12-10 19:59:55] [Step 4] 检测是否扫描完成（时长3600s，可调节）
[2025-12-10 19:59:55] 开始监控扫描进度，每15秒检测一次...
[2025-12-10 19:59:55] 截图已保存到: D:\MCPSecTrace\src\mcpsectrace\mcp_servers\artifacts\focus_pack\scan_bottom_left.png
[2025-12-10 20:00:18] 左下角未检测到状态信息，检查左上角...
[2025-12-10 20:00:18] 截图已保存到: D:\MCPSecTrace\src\mcpsectrace\mcp_servers\artifacts\focus_pack\scan_top_left.png
[2025-12-10 20:00:38] [0s] 未识别到明确状态，继续等待...
[2025-12-10 20:00:39] 截图已保存到: D:\MCPSecTrace\src\mcpsectrace\mcp_servers\artifacts\focus_pack\scan_bottom_left.png
[2025-12-10 20:01:13] 左下角未检测到状态信息，检查左上角...
[2025-12-10 20:01:13] 截图已保存到: D:\MCPSecTrace\src\mcpsectrace\mcp_servers\artifacts\focus_pack\scan_top_left.png
[2025-12-10 20:01:29] 日志文件已关闭。
[2025-12-10 20:13:46] --- VS code 管理员权限检查 ---
[2025-12-10 20:13:46] 当前已具备管理员权限。
[2025-12-10 20:13:46] [Step 1] 打开Focus_Pack软件
[2025-12-10 20:13:46] 检查进程 Focus_Pack.exe 是否已运行...
[2025-12-10 20:13:46] 进程未运行,正在启动软件: D:\MCPTools\Focus_Pack.exe
[2025-12-10 20:13:46] 尝试以管理员身份运行指定程序：D:\MCPTools\Focus_Pack.exe 
[2025-12-10 20:13:46] [SUCCESS] 程序'D:\MCPTools\Focus_Pack.exe'成功以管理员权限运行。
[2025-12-10 20:13:56] Focus_Pack软件已启动，请确保处于首页，否则后续可能执行失败。
[2025-12-10 20:13:56] [Step 2] 点击'快速扫描'按钮
[2025-12-10 20:13:56] 正在定位元素: '快速扫描按钮' (相对位置: 0.10, 0.13)，时间限制为15秒...
[2025-12-10 20:13:56] 找到 '快速扫描按钮'，绝对坐标: (914, 364)
[2025-12-10 20:13:56] 窗口信息: 位置(823, 254), 大小 914x860
[2025-12-10 20:13:57] 成功点击 '快速扫描按钮' 在坐标: (914, 364)
[2025-12-10 20:13:57] 点击快速扫描按钮成功。
[2025-12-10 20:14:07] [Step 3] 检测是否正在扫描
[2025-12-10 20:14:07] 截图已保存到: D:\MCPSecTrace\src\mcpsectrace\mcp_servers\artifacts\focus_pack\scan_check_20251210.png
[2025-12-10 20:14:13] 正在执行快速扫描。截图已保存到: D:\MCPSecTrace\src\mcpsectrace\mcp_servers\artifacts\focus_pack\scan_check_20251210.png
[2025-12-10 20:14:23] [Step 4] 检测是否扫描完成（时长3600s，可调节）
[2025-12-10 20:14:23] 开始监控扫描进度，每15秒检测一次...
[2025-12-10 20:14:23] 截图已保存到: D:\MCPSecTrace\src\mcpsectrace\mcp_servers\artifacts\focus_pack\scan_bottom_left.png
[2025-12-10 20:14:46] 日志文件已关闭。
[2025-12-10 20:15:54] --- VS code 管理员权限检查 ---
[2025-12-10 20:15:54] 当前已具备管理员权限。
[2025-12-10 20:15:54] [Step 1] 打开Focus_Pack软件
[2025-12-10 20:15:54] 检查进程 Focus_Pack.exe 是否已运行...
[2025-12-10 20:15:54] 进程未运行,正在启动软件: D:\MCPTools\Focus_Pack.exe
[2025-12-10 20:15:54] 尝试以管理员身份运行指定程序：D:\MCPTools\Focus_Pack.exe 
[2025-12-10 20:15:54] [SUCCESS] 程序'D:\MCPTools\Focus_Pack.exe'成功以管理员权限运行。
[2025-12-10 20:16:04] Focus_Pack软件已启动，请确保处于首页，否则后续可能执行失败。
[2025-12-10 20:16:04] [Step 2] 点击'快速扫描'按钮
[2025-12-10 20:16:04] 正在定位元素: '快速扫描按钮' (相对位置: 0.10, 0.13)，时间限制为15秒...
[2025-12-10 20:16:04] 找到 '快速扫描按钮'，绝对坐标: (914, 364)
[2025-12-10 20:16:04] 窗口信息: 位置(823, 254), 大小 914x860
[2025-12-10 20:16:05] 成功点击 '快速扫描按钮' 在坐标: (914, 364)
[2025-12-10 20:16:05] 点击快速扫描按钮成功。
[2025-12-10 20:16:15] [Step 3] 检测是否正在扫描
[2025-12-10 20:16:15] 截图已保存到: D:\MCPSecTrace\src\mcpsectrace\mcp_servers\artifacts\focus_pack\scan_check_20251210.png
[2025-12-10 20:16:20] 正在执行快速扫描。截图已保存到: D:\MCPSecTrace\src\mcpsectrace\mcp_servers\artifacts\focus_pack\scan_check_20251210.png
[2025-12-10 20:16:30] [Step 4] 检测是否扫描完成（时长3600s，可调节）
[2025-12-10 20:16:30] 开始监控扫描进度，每15秒检测一次...
[2025-12-10 20:16:31] 截图已保存到: D:\MCPSecTrace\src\mcpsectrace\mcp_servers\artifacts\focus_pack\scan_bottom_left.png
[2025-12-10 20:16:50] 日志文件已关闭。
[2025-12-10 20:20:00] --- VS code 管理员权限检查 ---
[2025-12-10 20:20:00] 当前已具备管理员权限。
[2025-12-10 20:20:00] [Step 1] 打开Focus_Pack软件
[2025-12-10 20:20:00] 检查进程 Focus_Pack.exe 是否已运行...
[2025-12-10 20:20:00] 进程未运行,正在启动软件: D:\MCPTools\Focus_Pack.exe
[2025-12-10 20:20:00] 尝试以管理员身份运行指定程序：D:\MCPTools\Focus_Pack.exe 
[2025-12-10 20:20:00] [SUCCESS] 程序'D:\MCPTools\Focus_Pack.exe'成功以管理员权限运行。
[2025-12-10 20:20:10] Focus_Pack软件已启动，请确保处于首页，否则后续可能执行失败。
[2025-12-10 20:20:10] [Step 2] 点击'快速扫描'按钮
[2025-12-10 20:20:10] 正在定位元素: '快速扫描按钮' (相对位置: 0.10, 0.13)，时间限制为15秒...
[2025-12-10 20:20:10] 找到 '快速扫描按钮'，绝对坐标: (914, 364)
[2025-12-10 20:20:10] 窗口信息: 位置(823, 254), 大小 914x860
[2025-12-10 20:20:11] 成功点击 '快速扫描按钮' 在坐标: (914, 364)
[2025-12-10 20:20:11] 点击快速扫描按钮成功。
[2025-12-10 20:20:21] [Step 3] 检测是否正在扫描
[2025-12-10 20:20:22] 截图已保存到: D:\MCPSecTrace\src\mcpsectrace\mcp_servers\artifacts\focus_pack\scan_check_20251210.png
[2025-12-10 20:20:27] 未成功执行快速扫描。截图已保存到: D:\MCPSecTrace\src\mcpsectrace\mcp_servers\artifacts\focus_pack\scan_check_20251210.png
[2025-12-10 20:20:27] 日志文件已关闭。
[2025-12-10 20:21:48] --- VS code 管理员权限检查 ---
[2025-12-10 20:21:48] 当前已具备管理员权限。
[2025-12-10 20:21:48] [Step 1] 打开Focus_Pack软件
[2025-12-10 20:21:48] 检查进程 Focus_Pack.exe 是否已运行...
[2025-12-10 20:21:48] 进程未运行,正在启动软件: D:\MCPTools\Focus_Pack.exe
[2025-12-10 20:21:48] 尝试以管理员身份运行指定程序：D:\MCPTools\Focus_Pack.exe 
[2025-12-10 20:21:48] [SUCCESS] 程序'D:\MCPTools\Focus_Pack.exe'成功以管理员权限运行。
[2025-12-10 20:21:58] Focus_Pack软件已启动，请确保处于首页，否则后续可能执行失败。
[2025-12-10 20:21:58] [Step 2] 点击'快速扫描'按钮
[2025-12-10 20:21:58] 正在定位元素: '快速扫描按钮' (相对位置: 0.10, 0.13)，时间限制为15秒...
[2025-12-10 20:21:58] 找到 '快速扫描按钮'，绝对坐标: (914, 364)
[2025-12-10 20:21:58] 窗口信息: 位置(823, 254), 大小 914x860
[2025-12-10 20:21:59] 成功点击 '快速扫描按钮' 在坐标: (914, 364)
[2025-12-10 20:21:59] 点击快速扫描按钮成功。
[2025-12-10 20:22:04] 日志文件已关闭。
