[2025-12-18 02:41:24] 已从配置文件加载火绒路径: C:\Program Files (x86)\Huorong\ESEndpoint\bin\HipsMain.exe
[2025-12-18 02:41:24] 调试模式: False
[2025-12-18 02:41:24] 调试模式: False

[2025-12-18 02:41:24] 设备性能等级: 2
[2025-12-18 15:59:57] 已从配置文件加载火绒路径: C:\Program Files (x86)\Huorong\ESEndpoint\bin\HipsMain.exe
[2025-12-18 15:59:57] 调试模式: False
[2025-12-18 15:59:57] 设备性能等级: 2
[2025-12-18 16:04:49] 正在尝试启动火绒: C:\Program Files (x86)\Huorong\ESEndpoint\bin\HipsMain.exe
[2025-12-18 16:04:49] 应用程序已启动 (进程ID: 24592)。
[2025-12-18 16:04:55] 检测是否在主界面...
[2025-12-18 16:04:55] 截图已保存到: D:\MCPSecTrace\src\mcpsectrace\mcp_servers\artifacts\huorong\startup_check.png
[2025-12-18 16:05:02] [SUCCESS] 当前已在主界面
[2025-12-18 16:05:02] 火绒安全软件已启动，请确保火绒处于首页，否则后续可能执行失败。
[2025-12-18 16:05:04] [0.55, 0.5]
[2025-12-18 16:05:04] 正在定位元素: '快速查杀按钮' (相对位置: 0.55, 0.50)，时间限制为15秒...
[2025-12-18 16:05:04] 找到 '快速查杀按钮'，绝对坐标: (1341, 684)
[2025-12-18 16:05:04] 窗口信息: 位置(665, 279), 大小 1230x810
[2025-12-18 16:05:05] 成功点击 '快速查杀按钮' 在坐标: (1341, 684)
[2025-12-18 16:05:05] 点击快速查杀按钮成功。
[2025-12-18 16:05:07] 截图已保存到: D:\MCPSecTrace\src\mcpsectrace\mcp_servers\artifacts\huorong\scan_check.png
[2025-12-18 16:05:11] 检测到'暂停'字符，说明正在执行快速查杀。截图已保存到: D:\MCPSecTrace\src\mcpsectrace\mcp_servers\artifacts\huorong\scan_check.png
[2025-12-18 16:05:11] 开始监控查杀进度，每15秒检测一次...
[2025-12-18 16:05:11] 截图已保存到: D:\MCPSecTrace\src\mcpsectrace\mcp_servers\artifacts\huorong\scan_progress.png
[2025-12-18 16:05:19] [0s] 继续等待查杀完成...
[2025-12-18 16:05:26] 截图已保存到: D:\MCPSecTrace\src\mcpsectrace\mcp_servers\artifacts\huorong\scan_progress.png
[2025-12-18 16:05:30] 检测到'完成'字符，说明查杀已完成。耗时: 15秒
[2025-12-18 16:05:30] 正在定位元素: '完成按钮' (相对位置: 0.92, 0.12)，时间限制为15秒...
[2025-12-18 16:05:30] 找到 '完成按钮'，绝对坐标: (1796, 376)
[2025-12-18 16:05:30] 窗口信息: 位置(665, 279), 大小 1230x810
[2025-12-18 16:05:31] 成功点击 '完成按钮' 在坐标: (1796, 376)
[2025-12-18 16:05:31] 已经返回首页。
[2025-12-18 23:17:39] 已从配置文件加载火绒路径: C:\Program Files (x86)\Huorong\ESEndpoint\bin\HipsMain.exe
[2025-12-18 23:17:39] 调试模式: False
[2025-12-18 23:17:39] 设备性能等级: 2
[2025-12-18 23:17:41] 已从配置文件加载火绒路径: C:\Program Files (x86)\Huorong\ESEndpoint\bin\HipsMain.exe
[2025-12-18 23:17:41] 调试模式: False
[2025-12-18 23:17:41] 设备性能等级: 2
[2025-12-18 23:23:56] 已从配置文件加载火绒路径: C:\Program Files (x86)\Huorong\ESEndpoint\bin\HipsMain.exe
[2025-12-18 23:23:56] 调试模式: False
[2025-12-18 23:23:56] 设备性能等级: 2
